2023-12-28 05:06:12 notice: 4.5.0 - Dynamic properties will be removed in PHP 8.2. Add `public $Products = null;` to your class definition or use `#[AllowDynamicProperties]` attribute.
C:\Users\Zahin\Desktop\fahim-onboarding\src\Controller\ProductsController.php, line: 13
You can disable all deprecation warnings by setting `Error.errorLevel` to `E_ALL & ~E_USER_DEPRECATED`. Adding `src/Controller/ProductsController.php` to `Error.ignoredDeprecationPaths` in your `config/app.php` config will mute deprecations from that file only.
Request URL: /products
Referer URL: http://localhost:8765/
Trace:
C:\Users\Zahin\Desktop\fahim-onboarding\vendor\cakephp\cakephp\src\Core\functions.php C:\Users\Zahin\Desktop\fahim-onboarding\vendor\cakephp\cakephp\src\Core\functions.php, line 318
C:\Users\Zahin\Desktop\fahim-onboarding\vendor\cakephp\cakephp\src\Datasource\ModelAwareTrait.php C:\Users\Zahin\Desktop\fahim-onboarding\vendor\cakephp\cakephp\src\Datasource\ModelAwareTrait.php, line 121
Cake\Controller\Controller->loadModel() C:\Users\Zahin\Desktop\fahim-onboarding\src\Controller\ProductsController.php, line 13
App\Controller\ProductsController->initialize() C:\Users\Zahin\Desktop\fahim-onboarding\vendor\cakephp\cakephp\src\Controller\Controller.php, line 242
Cake\Controller\Controller->__construct() [internal], line ??
ReflectionClass->newInstance() C:\Users\Zahin\Desktop\fahim-onboarding\vendor\cakephp\cakephp\src\Controller\ControllerFactory.php, line 88
Cake\Controller\ControllerFactory->create() C:\Users\Zahin\Desktop\fahim-onboarding\vendor\cakephp\cakephp\src\Http\BaseApplication.php, line 320
Cake\Http\BaseApplication->handle() C:\Users\Zahin\Desktop\fahim-onboarding\vendor\cakephp\cakephp\src\Http\Runner.php, line 86
Cake\Http\Runner->handle() C:\Users\Zahin\Desktop\fahim-onboarding\vendor\cakephp\cakephp\src\Http\Middleware\CsrfProtectionMiddleware.php, line 176
Cake\Http\Middleware\CsrfProtectionMiddleware->process() C:\Users\Zahin\Desktop\fahim-onboarding\vendor\cakephp\cakephp\src\Http\Runner.php, line 82
Cake\Http\Runner->handle() C:\Users\Zahin\Desktop\fahim-onboarding\vendor\cakephp\cakephp\src\Http\Middleware\BodyParserMiddleware.php, line 157
Cake\Http\Middleware\BodyParserMiddleware->process() C:\Users\Zahin\Desktop\fahim-onboarding\vendor\cakephp\cakephp\src\Http\Runner.php, line 82
Cake\Http\Runner->handle() C:\Users\Zahin\Desktop\fahim-onboarding\vendor\cakephp\cakephp\src\Routing\Middleware\RoutingMiddleware.php, line 189
Cake\Routing\Middleware\RoutingMiddleware->process() C:\Users\Zahin\Desktop\fahim-onboarding\vendor\cakephp\cakephp\src\Http\Runner.php, line 82
Cake\Http\Runner->handle() C:\Users\Zahin\Desktop\fahim-onboarding\vendor\cakephp\cakephp\src\Routing\Middleware\AssetMiddleware.php, line 68
Cake\Routing\Middleware\AssetMiddleware->process() C:\Users\Zahin\Desktop\fahim-onboarding\vendor\cakephp\cakephp\src\Http\Runner.php, line 82
Cake\Http\Runner->handle() C:\Users\Zahin\Desktop\fahim-onboarding\vendor\cakephp\cakephp\src\Error\Middleware\ErrorHandlerMiddleware.php, line 149
Cake\Error\Middleware\ErrorHandlerMiddleware->process() C:\Users\Zahin\Desktop\fahim-onboarding\vendor\cakephp\cakephp\src\Http\Runner.php, line 82
Cake\Http\Runner->handle() C:\Users\Zahin\Desktop\fahim-onboarding\vendor\cakephp\debug_kit\src\Middleware\DebugKitMiddleware.php, line 60
DebugKit\Middleware\DebugKitMiddleware->process() C:\Users\Zahin\Desktop\fahim-onboarding\vendor\cakephp\cakephp\src\Http\Runner.php, line 82
Cake\Http\Runner->handle() C:\Users\Zahin\Desktop\fahim-onboarding\vendor\cakephp\cakephp\src\Http\Runner.php, line 67
Cake\Http\Runner->run() C:\Users\Zahin\Desktop\fahim-onboarding\vendor\cakephp\cakephp\src\Http\Server.php, line 99
Cake\Http\Server->run() C:\Users\Zahin\Desktop\fahim-onboarding\webroot\index.php, line 40
[main]

2023-12-28 05:06:12 notice: 4.5.0 - Dynamic properties will be removed in PHP 8.2. Add `public $Categories = null;` to your class definition or use `#[AllowDynamicProperties]` attribute.
C:\Users\Zahin\Desktop\fahim-onboarding\src\Controller\ProductsController.php, line: 14
You can disable all deprecation warnings by setting `Error.errorLevel` to `E_ALL & ~E_USER_DEPRECATED`. Adding `src/Controller/ProductsController.php` to `Error.ignoredDeprecationPaths` in your `config/app.php` config will mute deprecations from that file only.
Request URL: /products
Referer URL: http://localhost:8765/
Trace:
C:\Users\Zahin\Desktop\fahim-onboarding\vendor\cakephp\cakephp\src\Core\functions.php C:\Users\Zahin\Desktop\fahim-onboarding\vendor\cakephp\cakephp\src\Core\functions.php, line 318
C:\Users\Zahin\Desktop\fahim-onboarding\vendor\cakephp\cakephp\src\Datasource\ModelAwareTrait.php C:\Users\Zahin\Desktop\fahim-onboarding\vendor\cakephp\cakephp\src\Datasource\ModelAwareTrait.php, line 121
Cake\Controller\Controller->loadModel() C:\Users\Zahin\Desktop\fahim-onboarding\src\Controller\ProductsController.php, line 14
App\Controller\ProductsController->initialize() C:\Users\Zahin\Desktop\fahim-onboarding\vendor\cakephp\cakephp\src\Controller\Controller.php, line 242
Cake\Controller\Controller->__construct() [internal], line ??
ReflectionClass->newInstance() C:\Users\Zahin\Desktop\fahim-onboarding\vendor\cakephp\cakephp\src\Controller\ControllerFactory.php, line 88
Cake\Controller\ControllerFactory->create() C:\Users\Zahin\Desktop\fahim-onboarding\vendor\cakephp\cakephp\src\Http\BaseApplication.php, line 320
Cake\Http\BaseApplication->handle() C:\Users\Zahin\Desktop\fahim-onboarding\vendor\cakephp\cakephp\src\Http\Runner.php, line 86
Cake\Http\Runner->handle() C:\Users\Zahin\Desktop\fahim-onboarding\vendor\cakephp\cakephp\src\Http\Middleware\CsrfProtectionMiddleware.php, line 176
Cake\Http\Middleware\CsrfProtectionMiddleware->process() C:\Users\Zahin\Desktop\fahim-onboarding\vendor\cakephp\cakephp\src\Http\Runner.php, line 82
Cake\Http\Runner->handle() C:\Users\Zahin\Desktop\fahim-onboarding\vendor\cakephp\cakephp\src\Http\Middleware\BodyParserMiddleware.php, line 157
Cake\Http\Middleware\BodyParserMiddleware->process() C:\Users\Zahin\Desktop\fahim-onboarding\vendor\cakephp\cakephp\src\Http\Runner.php, line 82
Cake\Http\Runner->handle() C:\Users\Zahin\Desktop\fahim-onboarding\vendor\cakephp\cakephp\src\Routing\Middleware\RoutingMiddleware.php, line 189
Cake\Routing\Middleware\RoutingMiddleware->process() C:\Users\Zahin\Desktop\fahim-onboarding\vendor\cakephp\cakephp\src\Http\Runner.php, line 82
Cake\Http\Runner->handle() C:\Users\Zahin\Desktop\fahim-onboarding\vendor\cakephp\cakephp\src\Routing\Middleware\AssetMiddleware.php, line 68
Cake\Routing\Middleware\AssetMiddleware->process() C:\Users\Zahin\Desktop\fahim-onboarding\vendor\cakephp\cakephp\src\Http\Runner.php, line 82
Cake\Http\Runner->handle() C:\Users\Zahin\Desktop\fahim-onboarding\vendor\cakephp\cakephp\src\Error\Middleware\ErrorHandlerMiddleware.php, line 149
Cake\Error\Middleware\ErrorHandlerMiddleware->process() C:\Users\Zahin\Desktop\fahim-onboarding\vendor\cakephp\cakephp\src\Http\Runner.php, line 82
Cake\Http\Runner->handle() C:\Users\Zahin\Desktop\fahim-onboarding\vendor\cakephp\debug_kit\src\Middleware\DebugKitMiddleware.php, line 60
DebugKit\Middleware\DebugKitMiddleware->process() C:\Users\Zahin\Desktop\fahim-onboarding\vendor\cakephp\cakephp\src\Http\Runner.php, line 82
Cake\Http\Runner->handle() C:\Users\Zahin\Desktop\fahim-onboarding\vendor\cakephp\cakephp\src\Http\Runner.php, line 67
Cake\Http\Runner->run() C:\Users\Zahin\Desktop\fahim-onboarding\vendor\cakephp\cakephp\src\Http\Server.php, line 99
Cake\Http\Server->run() C:\Users\Zahin\Desktop\fahim-onboarding\webroot\index.php, line 40
[main]

